<?xml version="1.0" encoding="UTF-8"?>
<coverage generated="1753558092760" clover="3.2.0">
  <project timestamp="1753558092760" name="All files">
    <metrics statements="80" coveredstatements="72" conditionals="94" coveredconditionals="67" methods="21" coveredmethods="16" elements="195" coveredelements="155" complexity="0" loc="80" ncloc="80" packages="1" files="2" classes="2"/>
    <file name="JsonViewer.js" path="/Users/isaac/proj/streamlit-json-tip/streamlit_json_tip/frontend/src/JsonViewer.js">
      <metrics statements="79" coveredstatements="72" conditionals="94" coveredconditionals="67" methods="21" coveredmethods="16"/>
      <line num="11" count="23" type="stmt"/>
      <line num="12" count="23" type="stmt"/>
      <line num="13" count="23" type="stmt"/>
      <line num="15" count="23" type="cond" truecount="0" falsecount="5"/>
      <line num="17" count="23" type="stmt"/>
      <line num="18" count="23" type="stmt"/>
      <line num="21" count="23" type="stmt"/>
      <line num="23" count="11" type="stmt"/>
      <line num="24" count="11" type="stmt"/>
      <line num="25" count="11" type="stmt"/>
      <line num="28" count="11" type="stmt"/>
      <line num="29" count="11" type="cond" truecount="5" falsecount="0"/>
      <line num="35" count="11" type="stmt"/>
      <line num="39" count="11" type="stmt"/>
      <line num="42" count="11" type="stmt"/>
      <line num="43" count="11" type="stmt"/>
      <line num="49" count="11" type="stmt"/>
      <line num="50" count="11" type="stmt"/>
      <line num="52" count="11" type="stmt"/>
      <line num="53" count="11" type="stmt"/>
      <line num="54" count="11" type="stmt"/>
      <line num="58" count="23" type="stmt"/>
      <line num="60" count="22" type="cond" truecount="4" falsecount="0"/>
      <line num="61" count="11" type="cond" truecount="1" falsecount="0"/>
      <line num="62" count="23" type="stmt"/>
      <line num="64" count="23" type="cond" truecount="2" falsecount="0"/>
      <line num="65" count="4" type="stmt"/>
      <line num="66" count="4" type="stmt"/>
      <line num="67" count="8" type="stmt"/>
      <line num="68" count="8" type="cond" truecount="4" falsecount="0"/>
      <line num="69" count="2" type="stmt"/>
      <line num="70" count="2" type="stmt"/>
      <line num="73" count="19" type="cond" truecount="3" falsecount="1"/>
      <line num="74" count="19" type="stmt"/>
      <line num="75" count="19" type="stmt"/>
      <line num="76" count="33" type="cond" truecount="2" falsecount="0"/>
      <line num="77" count="33" type="cond" truecount="4" falsecount="0"/>
      <line num="78" count="10" type="stmt"/>
      <line num="79" count="15" type="stmt"/>
      <line num="84" count="23" type="stmt"/>
      <line num="87" count="11" type="stmt"/>
      <line num="88" count="11" type="stmt"/>
      <line num="89" count="11" type="stmt"/>
      <line num="93" count="23" type="stmt"/>
      <line num="94" count="1" type="stmt"/>
      <line num="95" count="1" type="cond" truecount="1" falsecount="1"/>
      <line num="96" count="1" type="stmt"/>
      <line num="98" count="0" type="stmt"/>
      <line num="100" count="1" type="stmt"/>
      <line num="103" count="23" type="stmt"/>
      <line num="104" count="0" type="stmt"/>
      <line num="112" count="23" type="cond" truecount="1" falsecount="0"/>
      <line num="113" count="64" type="cond" truecount="2" falsecount="0"/>
      <line num="114" count="1" type="stmt"/>
      <line num="117" count="63" type="cond" truecount="2" falsecount="0"/>
      <line num="118" count="1" type="stmt"/>
      <line num="121" count="62" type="cond" truecount="2" falsecount="0"/>
      <line num="122" count="12" type="stmt"/>
      <line num="125" count="50" type="cond" truecount="2" falsecount="0"/>
      <line num="126" count="15" type="stmt"/>
      <line num="129" count="35" type="cond" truecount="2" falsecount="0"/>
      <line num="130" count="4" type="stmt"/>
      <line num="132" count="4" type="stmt"/>
      <line num="137" count="0" type="stmt"/>
      <line num="150" count="8" type="stmt"/>
      <line num="151" count="8" type="stmt"/>
      <line num="156" count="0" type="stmt"/>
      <line num="186" count="31" type="cond" truecount="3" falsecount="1"/>
      <line num="187" count="31" type="stmt"/>
      <line num="188" count="31" type="stmt"/>
      <line num="190" count="31" type="stmt"/>
      <line num="195" count="1" type="stmt"/>
      <line num="208" count="33" type="cond" truecount="2" falsecount="0"/>
      <line num="209" count="33" type="stmt"/>
      <line num="214" count="0" type="stmt"/>
      <line num="244" count="0" type="stmt"/>
      <line num="247" count="23" type="cond" truecount="1" falsecount="1"/>
      <line num="248" count="0" type="cond" truecount="0" falsecount="2"/>
      <line num="251" count="23" type="stmt"/>
    </file>
    <file name="index.js" path="/Users/isaac/proj/streamlit-json-tip/streamlit_json_tip/frontend/src/index.js">
      <metrics statements="1" coveredstatements="0" conditionals="0" coveredconditionals="0" methods="0" coveredmethods="0"/>
      <line num="5" count="0" type="stmt"/>
    </file>
  </project>
</coverage>
