{"/Users/isaac/proj/streamlit-json-tip/streamlit_json_tip/frontend/src/JsonViewer.js": {"path":"/Users/isaac/proj/streamlit-json-tip/streamlit_json_tip/frontend/src/JsonViewer.js","statementMap":{"0":{"start":{"line":11,"column":44},"end":{"line":11,"column":63}},"1":{"start":{"line":12,"column":44},"end":{"line":12,"column":59}},"2":{"start":{"line":13,"column":38},"end":{"line":13,"column":53}},"3":{"start":{"line":15,"column":108},"end":{"line":15,"column":118}},"4":{"start":{"line":17,"column":2},"end":{"line":19,"column":4}},"5":{"start":{"line":18,"column":4},"end":{"line":18,"column":30}},"6":{"start":{"line":21,"column":2},"end":{"line":56,"column":8}},"7":{"start":{"line":23,"column":24},"end":{"line":36,"column":5}},"8":{"start":{"line":24,"column":19},"end":{"line":24,"column":32}},"9":{"start":{"line":25,"column":28},"end":{"line":25,"column":50}},"10":{"start":{"line":28,"column":30},"end":{"line":28,"column":59}},"11":{"start":{"line":29,"column":21},"end":{"line":33,"column":87}},"12":{"start":{"line":35,"column":6},"end":{"line":35,"column":27}},"13":{"start":{"line":39,"column":4},"end":{"line":39,"column":17}},"14":{"start":{"line":42,"column":21},"end":{"line":42,"column":54}},"15":{"start":{"line":43,"column":4},"end":{"line":46,"column":6}},"16":{"start":{"line":49,"column":25},"end":{"line":49,"column":44}},"17":{"start":{"line":49,"column":31},"end":{"line":49,"column":44}},"18":{"start":{"line":50,"column":4},"end":{"line":50,"column":51}},"19":{"start":{"line":52,"column":4},"end":{"line":55,"column":5}},"20":{"start":{"line":53,"column":6},"end":{"line":53,"column":27}},"21":{"start":{"line":54,"column":6},"end":{"line":54,"column":56}},"22":{"start":{"line":58,"column":2},"end":{"line":91,"column":27}},"23":{"start":{"line":60,"column":4},"end":{"line":90,"column":5}},"24":{"start":{"line":61,"column":26},"end":{"line":85,"column":7}},"25":{"start":{"line":62,"column":22},"end":{"line":62,"column":31}},"26":{"start":{"line":64,"column":8},"end":{"line":82,"column":9}},"27":{"start":{"line":65,"column":10},"end":{"line":65,"column":32}},"28":{"start":{"line":66,"column":10},"end":{"line":72,"column":12}},"29":{"start":{"line":67,"column":29},"end":{"line":67,"column":55}},"30":{"start":{"line":68,"column":12},"end":{"line":71,"column":13}},"31":{"start":{"line":69,"column":33},"end":{"line":69,"column":60}},"32":{"start":{"line":70,"column":14},"end":{"line":70,"column":57}},"33":{"start":{"line":70,"column":41},"end":{"line":70,"column":56}},"34":{"start":{"line":73,"column":15},"end":{"line":82,"column":9}},"35":{"start":{"line":74,"column":10},"end":{"line":74,"column":32}},"36":{"start":{"line":75,"column":10},"end":{"line":81,"column":12}},"37":{"start":{"line":76,"column":28},"end":{"line":76,"column":71}},"38":{"start":{"line":77,"column":12},"end":{"line":80,"column":13}},"39":{"start":{"line":78,"column":33},"end":{"line":78,"column":63}},"40":{"start":{"line":79,"column":14},"end":{"line":79,"column":57}},"41":{"start":{"line":79,"column":41},"end":{"line":79,"column":56}},"42":{"start":{"line":84,"column":8},"end":{"line":84,"column":20}},"43":{"start":{"line":87,"column":23},"end":{"line":87,"column":40}},"44":{"start":{"line":88,"column":6},"end":{"line":88,"column":32}},"45":{"start":{"line":89,"column":6},"end":{"line":89,"column":28}},"46":{"start":{"line":93,"column":25},"end":{"line":101,"column":3}},"47":{"start":{"line":94,"column":24},"end":{"line":94,"column":46}},"48":{"start":{"line":95,"column":4},"end":{"line":99,"column":5}},"49":{"start":{"line":96,"column":6},"end":{"line":96,"column":30}},"50":{"start":{"line":98,"column":6},"end":{"line":98,"column":27}},"51":{"start":{"line":100,"column":4},"end":{"line":100,"column":33}},"52":{"start":{"line":103,"column":27},"end":{"line":110,"column":3}},"53":{"start":{"line":104,"column":4},"end":{"line":109,"column":6}},"54":{"start":{"line":112,"column":22},"end":{"line":245,"column":3}},"55":{"start":{"line":113,"column":4},"end":{"line":115,"column":5}},"56":{"start":{"line":114,"column":6},"end":{"line":114,"column":52}},"57":{"start":{"line":117,"column":4},"end":{"line":119,"column":5}},"58":{"start":{"line":118,"column":6},"end":{"line":118,"column":69}},"59":{"start":{"line":121,"column":4},"end":{"line":123,"column":5}},"60":{"start":{"line":122,"column":6},"end":{"line":122,"column":57}},"61":{"start":{"line":125,"column":4},"end":{"line":127,"column":5}},"62":{"start":{"line":126,"column":6},"end":{"line":126,"column":59}},"63":{"start":{"line":129,"column":4},"end":{"line":184,"column":5}},"64":{"start":{"line":130,"column":25},"end":{"line":130,"column":48}},"65":{"start":{"line":132,"column":6},"end":{"line":183,"column":7}},"66":{"start":{"line":137,"column":29},"end":{"line":137,"column":49}},"67":{"start":{"line":150,"column":33},"end":{"line":150,"column":52}},"68":{"start":{"line":151,"column":16},"end":{"line":175,"column":17}},"69":{"start":{"line":156,"column":37},"end":{"line":156,"column":69}},"70":{"start":{"line":186,"column":4},"end":{"line":242,"column":5}},"71":{"start":{"line":187,"column":25},"end":{"line":187,"column":48}},"72":{"start":{"line":188,"column":19},"end":{"line":188,"column":37}},"73":{"start":{"line":190,"column":6},"end":{"line":241,"column":7}},"74":{"start":{"line":195,"column":29},"end":{"line":195,"column":49}},"75":{"start":{"line":208,"column":32},"end":{"line":208,"column":61}},"76":{"start":{"line":209,"column":16},"end":{"line":233,"column":17}},"77":{"start":{"line":214,"column":37},"end":{"line":214,"column":74}},"78":{"start":{"line":244,"column":4},"end":{"line":244,"column":39}},"79":{"start":{"line":247,"column":2},"end":{"line":249,"column":3}},"80":{"start":{"line":248,"column":4},"end":{"line":248,"column":107}},"81":{"start":{"line":251,"column":2},"end":{"line":255,"column":3}}},"fnMap":{"0":{"name":"JsonViewer","decl":{"start":{"line":10,"column":9},"end":{"line":10,"column":19}},"loc":{"start":{"line":10,"column":27},"end":{"line":256,"column":1}},"line":10},"1":{"name":"(anonymous_1)","decl":{"start":{"line":17,"column":12},"end":{"line":17,"column":13}},"loc":{"start":{"line":17,"column":18},"end":{"line":19,"column":3}},"line":17},"2":{"name":"(anonymous_2)","decl":{"start":{"line":21,"column":12},"end":{"line":21,"column":13}},"loc":{"start":{"line":21,"column":18},"end":{"line":56,"column":3}},"line":21},"3":{"name":"(anonymous_3)","decl":{"start":{"line":23,"column":24},"end":{"line":23,"column":25}},"loc":{"start":{"line":23,"column":30},"end":{"line":36,"column":5}},"line":23},"4":{"name":"(anonymous_4)","decl":{"start":{"line":49,"column":25},"end":{"line":49,"column":26}},"loc":{"start":{"line":49,"column":31},"end":{"line":49,"column":44}},"line":49},"5":{"name":"(anonymous_5)","decl":{"start":{"line":52,"column":11},"end":{"line":52,"column":12}},"loc":{"start":{"line":52,"column":17},"end":{"line":55,"column":5}},"line":52},"6":{"name":"(anonymous_6)","decl":{"start":{"line":58,"column":12},"end":{"line":58,"column":13}},"loc":{"start":{"line":58,"column":18},"end":{"line":91,"column":3}},"line":58},"7":{"name":"(anonymous_7)","decl":{"start":{"line":61,"column":26},"end":{"line":61,"column":27}},"loc":{"start":{"line":61,"column":53},"end":{"line":85,"column":7}},"line":61},"8":{"name":"(anonymous_8)","decl":{"start":{"line":66,"column":22},"end":{"line":66,"column":23}},"loc":{"start":{"line":66,"column":39},"end":{"line":72,"column":11}},"line":66},"9":{"name":"(anonymous_9)","decl":{"start":{"line":70,"column":33},"end":{"line":70,"column":34}},"loc":{"start":{"line":70,"column":41},"end":{"line":70,"column":56}},"line":70},"10":{"name":"(anonymous_10)","decl":{"start":{"line":75,"column":35},"end":{"line":75,"column":36}},"loc":{"start":{"line":75,"column":42},"end":{"line":81,"column":11}},"line":75},"11":{"name":"(anonymous_11)","decl":{"start":{"line":79,"column":33},"end":{"line":79,"column":34}},"loc":{"start":{"line":79,"column":41},"end":{"line":79,"column":56}},"line":79},"12":{"name":"(anonymous_12)","decl":{"start":{"line":93,"column":25},"end":{"line":93,"column":26}},"loc":{"start":{"line":93,"column":35},"end":{"line":101,"column":3}},"line":93},"13":{"name":"(anonymous_13)","decl":{"start":{"line":103,"column":27},"end":{"line":103,"column":28}},"loc":{"start":{"line":103,"column":44},"end":{"line":110,"column":3}},"line":103},"14":{"name":"(anonymous_14)","decl":{"start":{"line":112,"column":22},"end":{"line":112,"column":23}},"loc":{"start":{"line":112,"column":44},"end":{"line":245,"column":3}},"line":112},"15":{"name":"(anonymous_15)","decl":{"start":{"line":137,"column":23},"end":{"line":137,"column":24}},"loc":{"start":{"line":137,"column":29},"end":{"line":137,"column":49}},"line":137},"16":{"name":"(anonymous_16)","decl":{"start":{"line":149,"column":25},"end":{"line":149,"column":26}},"loc":{"start":{"line":149,"column":42},"end":{"line":176,"column":15}},"line":149},"17":{"name":"(anonymous_17)","decl":{"start":{"line":156,"column":31},"end":{"line":156,"column":32}},"loc":{"start":{"line":156,"column":37},"end":{"line":156,"column":69}},"line":156},"18":{"name":"(anonymous_18)","decl":{"start":{"line":195,"column":23},"end":{"line":195,"column":24}},"loc":{"start":{"line":195,"column":29},"end":{"line":195,"column":49}},"line":195},"19":{"name":"(anonymous_19)","decl":{"start":{"line":207,"column":24},"end":{"line":207,"column":25}},"loc":{"start":{"line":207,"column":33},"end":{"line":234,"column":15}},"line":207},"20":{"name":"(anonymous_20)","decl":{"start":{"line":214,"column":31},"end":{"line":214,"column":32}},"loc":{"start":{"line":214,"column":37},"end":{"line":214,"column":74}},"line":214}},"branchMap":{"0":{"loc":{"start":{"line":15,"column":16},"end":{"line":15,"column":30}},"type":"default-arg","locations":[{"start":{"line":15,"column":28},"end":{"line":15,"column":30}}],"line":15},"1":{"loc":{"start":{"line":15,"column":32},"end":{"line":15,"column":41}},"type":"default-arg","locations":[{"start":{"line":15,"column":39},"end":{"line":15,"column":41}}],"line":15},"2":{"loc":{"start":{"line":15,"column":43},"end":{"line":15,"column":62}},"type":"default-arg","locations":[{"start":{"line":15,"column":60},"end":{"line":15,"column":62}}],"line":15},"3":{"loc":{"start":{"line":15,"column":64},"end":{"line":15,"column":83}},"type":"default-arg","locations":[{"start":{"line":15,"column":79},"end":{"line":15,"column":83}}],"line":15},"4":{"loc":{"start":{"line":15,"column":85},"end":{"line":15,"column":103}},"type":"default-arg","locations":[{"start":{"line":15,"column":101},"end":{"line":15,"column":103}}],"line":15},"5":{"loc":{"start":{"line":29,"column":21},"end":{"line":33,"column":87}},"type":"binary-expr","locations":[{"start":{"line":29,"column":21},"end":{"line":29,"column":58}},{"start":{"line":30,"column":21},"end":{"line":30,"column":58}},{"start":{"line":31,"column":21},"end":{"line":31,"column":58}},{"start":{"line":32,"column":21},"end":{"line":32,"column":59}},{"start":{"line":33,"column":21},"end":{"line":33,"column":87}}],"line":29},"6":{"loc":{"start":{"line":60,"column":4},"end":{"line":90,"column":5}},"type":"if","locations":[{"start":{"line":60,"column":4},"end":{"line":90,"column":5}},{"start":{},"end":{}}],"line":60},"7":{"loc":{"start":{"line":60,"column":8},"end":{"line":60,"column":30}},"type":"binary-expr","locations":[{"start":{"line":60,"column":8},"end":{"line":60,"column":12}},{"start":{"line":60,"column":16},"end":{"line":60,"column":30}}],"line":60},"8":{"loc":{"start":{"line":61,"column":32},"end":{"line":61,"column":48}},"type":"default-arg","locations":[{"start":{"line":61,"column":46},"end":{"line":61,"column":48}}],"line":61},"9":{"loc":{"start":{"line":64,"column":8},"end":{"line":82,"column":9}},"type":"if","locations":[{"start":{"line":64,"column":8},"end":{"line":82,"column":9}},{"start":{"line":73,"column":15},"end":{"line":82,"column":9}}],"line":64},"10":{"loc":{"start":{"line":68,"column":12},"end":{"line":71,"column":13}},"type":"if","locations":[{"start":{"line":68,"column":12},"end":{"line":71,"column":13}},{"start":{},"end":{}}],"line":68},"11":{"loc":{"start":{"line":68,"column":16},"end":{"line":68,"column":57}},"type":"binary-expr","locations":[{"start":{"line":68,"column":16},"end":{"line":68,"column":40}},{"start":{"line":68,"column":44},"end":{"line":68,"column":57}}],"line":68},"12":{"loc":{"start":{"line":73,"column":15},"end":{"line":82,"column":9}},"type":"if","locations":[{"start":{"line":73,"column":15},"end":{"line":82,"column":9}},{"start":{},"end":{}}],"line":73},"13":{"loc":{"start":{"line":73,"column":19},"end":{"line":73,"column":58}},"type":"binary-expr","locations":[{"start":{"line":73,"column":19},"end":{"line":73,"column":42}},{"start":{"line":73,"column":46},"end":{"line":73,"column":58}}],"line":73},"14":{"loc":{"start":{"line":76,"column":28},"end":{"line":76,"column":71}},"type":"cond-expr","locations":[{"start":{"line":76,"column":42},"end":{"line":76,"column":65}},{"start":{"line":76,"column":68},"end":{"line":76,"column":71}}],"line":76},"15":{"loc":{"start":{"line":77,"column":12},"end":{"line":80,"column":13}},"type":"if","locations":[{"start":{"line":77,"column":12},"end":{"line":80,"column":13}},{"start":{},"end":{}}],"line":77},"16":{"loc":{"start":{"line":77,"column":16},"end":{"line":77,"column":65}},"type":"binary-expr","locations":[{"start":{"line":77,"column":16},"end":{"line":77,"column":44}},{"start":{"line":77,"column":48},"end":{"line":77,"column":65}}],"line":77},"17":{"loc":{"start":{"line":95,"column":4},"end":{"line":99,"column":5}},"type":"if","locations":[{"start":{"line":95,"column":4},"end":{"line":99,"column":5}},{"start":{"line":97,"column":11},"end":{"line":99,"column":5}}],"line":95},"18":{"loc":{"start":{"line":107,"column":17},"end":{"line":107,"column":40}},"type":"binary-expr","locations":[{"start":{"line":107,"column":17},"end":{"line":107,"column":32}},{"start":{"line":107,"column":36},"end":{"line":107,"column":40}}],"line":107},"19":{"loc":{"start":{"line":108,"column":11},"end":{"line":108,"column":29}},"type":"binary-expr","locations":[{"start":{"line":108,"column":11},"end":{"line":108,"column":21}},{"start":{"line":108,"column":25},"end":{"line":108,"column":29}}],"line":108},"20":{"loc":{"start":{"line":112,"column":30},"end":{"line":112,"column":39}},"type":"default-arg","locations":[{"start":{"line":112,"column":37},"end":{"line":112,"column":39}}],"line":112},"21":{"loc":{"start":{"line":113,"column":4},"end":{"line":115,"column":5}},"type":"if","locations":[{"start":{"line":113,"column":4},"end":{"line":115,"column":5}},{"start":{},"end":{}}],"line":113},"22":{"loc":{"start":{"line":117,"column":4},"end":{"line":119,"column":5}},"type":"if","locations":[{"start":{"line":117,"column":4},"end":{"line":119,"column":5}},{"start":{},"end":{}}],"line":117},"23":{"loc":{"start":{"line":121,"column":4},"end":{"line":123,"column":5}},"type":"if","locations":[{"start":{"line":121,"column":4},"end":{"line":123,"column":5}},{"start":{},"end":{}}],"line":121},"24":{"loc":{"start":{"line":125,"column":4},"end":{"line":127,"column":5}},"type":"if","locations":[{"start":{"line":125,"column":4},"end":{"line":127,"column":5}},{"start":{},"end":{}}],"line":125},"25":{"loc":{"start":{"line":129,"column":4},"end":{"line":184,"column":5}},"type":"if","locations":[{"start":{"line":129,"column":4},"end":{"line":184,"column":5}},{"start":{},"end":{}}],"line":129},"26":{"loc":{"start":{"line":139,"column":15},"end":{"line":139,"column":37}},"type":"cond-expr","locations":[{"start":{"line":139,"column":28},"end":{"line":139,"column":31}},{"start":{"line":139,"column":34},"end":{"line":139,"column":37}}],"line":139},"27":{"loc":{"start":{"line":142,"column":13},"end":{"line":144,"column":13}},"type":"binary-expr","locations":[{"start":{"line":142,"column":13},"end":{"line":142,"column":24}},{"start":{"line":142,"column":28},"end":{"line":142,"column":44}},{"start":{"line":143,"column":14},"end":{"line":143,"column":73}}],"line":142},"28":{"loc":{"start":{"line":145,"column":13},"end":{"line":145,"column":67}},"type":"binary-expr","locations":[{"start":{"line":145,"column":13},"end":{"line":145,"column":24}},{"start":{"line":145,"column":28},"end":{"line":145,"column":67}}],"line":145},"29":{"loc":{"start":{"line":147,"column":11},"end":{"line":181,"column":11}},"type":"binary-expr","locations":[{"start":{"line":147,"column":11},"end":{"line":147,"column":21}},{"start":{"line":148,"column":12},"end":{"line":180,"column":18}}],"line":147},"30":{"loc":{"start":{"line":159,"column":23},"end":{"line":169,"column":23}},"type":"binary-expr","locations":[{"start":{"line":159,"column":23},"end":{"line":159,"column":42}},{"start":{"line":160,"column":24},"end":{"line":168,"column":32}}],"line":159},"31":{"loc":{"start":{"line":162,"column":33},"end":{"line":162,"column":62}},"type":"cond-expr","locations":[{"start":{"line":162,"column":46},"end":{"line":162,"column":52}},{"start":{"line":162,"column":55},"end":{"line":162,"column":62}}],"line":162},"32":{"loc":{"start":{"line":166,"column":29},"end":{"line":166,"column":68}},"type":"binary-expr","locations":[{"start":{"line":166,"column":29},"end":{"line":166,"column":52}},{"start":{"line":166,"column":56},"end":{"line":166,"column":68}}],"line":166},"33":{"loc":{"start":{"line":170,"column":23},"end":{"line":172,"column":23}},"type":"binary-expr","locations":[{"start":{"line":170,"column":23},"end":{"line":170,"column":37}},{"start":{"line":171,"column":24},"end":{"line":171,"column":69}}],"line":170},"34":{"loc":{"start":{"line":186,"column":4},"end":{"line":242,"column":5}},"type":"if","locations":[{"start":{"line":186,"column":4},"end":{"line":242,"column":5}},{"start":{},"end":{}}],"line":186},"35":{"loc":{"start":{"line":186,"column":8},"end":{"line":186,"column":51}},"type":"binary-expr","locations":[{"start":{"line":186,"column":8},"end":{"line":186,"column":33}},{"start":{"line":186,"column":37},"end":{"line":186,"column":51}}],"line":186},"36":{"loc":{"start":{"line":197,"column":15},"end":{"line":197,"column":37}},"type":"cond-expr","locations":[{"start":{"line":197,"column":28},"end":{"line":197,"column":31}},{"start":{"line":197,"column":34},"end":{"line":197,"column":37}}],"line":197},"37":{"loc":{"start":{"line":200,"column":13},"end":{"line":202,"column":13}},"type":"binary-expr","locations":[{"start":{"line":200,"column":13},"end":{"line":200,"column":24}},{"start":{"line":200,"column":28},"end":{"line":200,"column":43}},{"start":{"line":201,"column":14},"end":{"line":201,"column":71}}],"line":200},"38":{"loc":{"start":{"line":203,"column":13},"end":{"line":203,"column":71}},"type":"binary-expr","locations":[{"start":{"line":203,"column":13},"end":{"line":203,"column":24}},{"start":{"line":203,"column":28},"end":{"line":203,"column":71}}],"line":203},"39":{"loc":{"start":{"line":205,"column":11},"end":{"line":239,"column":11}},"type":"binary-expr","locations":[{"start":{"line":205,"column":11},"end":{"line":205,"column":21}},{"start":{"line":206,"column":12},"end":{"line":238,"column":18}}],"line":205},"40":{"loc":{"start":{"line":208,"column":32},"end":{"line":208,"column":61}},"type":"cond-expr","locations":[{"start":{"line":208,"column":39},"end":{"line":208,"column":55}},{"start":{"line":208,"column":58},"end":{"line":208,"column":61}}],"line":208},"41":{"loc":{"start":{"line":217,"column":23},"end":{"line":227,"column":23}},"type":"binary-expr","locations":[{"start":{"line":217,"column":23},"end":{"line":217,"column":41}},{"start":{"line":218,"column":24},"end":{"line":226,"column":32}}],"line":217},"42":{"loc":{"start":{"line":220,"column":33},"end":{"line":220,"column":62}},"type":"cond-expr","locations":[{"start":{"line":220,"column":46},"end":{"line":220,"column":52}},{"start":{"line":220,"column":55},"end":{"line":220,"column":62}}],"line":220},"43":{"loc":{"start":{"line":224,"column":29},"end":{"line":224,"column":67}},"type":"binary-expr","locations":[{"start":{"line":224,"column":29},"end":{"line":224,"column":51}},{"start":{"line":224,"column":55},"end":{"line":224,"column":67}}],"line":224},"44":{"loc":{"start":{"line":228,"column":23},"end":{"line":230,"column":23}},"type":"binary-expr","locations":[{"start":{"line":228,"column":23},"end":{"line":228,"column":36}},{"start":{"line":229,"column":24},"end":{"line":229,"column":68}}],"line":228},"45":{"loc":{"start":{"line":247,"column":2},"end":{"line":249,"column":3}},"type":"if","locations":[{"start":{"line":247,"column":2},"end":{"line":249,"column":3}},{"start":{},"end":{}}],"line":247},"46":{"loc":{"start":{"line":248,"column":42},"end":{"line":248,"column":81}},"type":"cond-expr","locations":[{"start":{"line":248,"column":55},"end":{"line":248,"column":66}},{"start":{"line":248,"column":69},"end":{"line":248,"column":81}}],"line":248},"47":{"loc":{"start":{"line":252,"column":35},"end":{"line":252,"column":74}},"type":"cond-expr","locations":[{"start":{"line":252,"column":48},"end":{"line":252,"column":59}},{"start":{"line":252,"column":62},"end":{"line":252,"column":74}}],"line":252}},"s":{"0":22,"1":22,"2":22,"3":22,"4":22,"5":22,"6":22,"7":11,"8":11,"9":11,"10":11,"11":11,"12":11,"13":11,"14":11,"15":11,"16":11,"17":0,"18":11,"19":11,"20":11,"21":11,"22":22,"23":22,"24":11,"25":23,"26":23,"27":4,"28":4,"29":8,"30":8,"31":2,"32":2,"33":2,"34":19,"35":19,"36":19,"37":33,"38":33,"39":10,"40":10,"41":15,"42":23,"43":11,"44":11,"45":11,"46":22,"47":0,"48":0,"49":0,"50":0,"51":0,"52":22,"53":0,"54":22,"55":63,"56":1,"57":62,"58":1,"59":61,"60":12,"61":49,"62":15,"63":34,"64":4,"65":4,"66":0,"67":8,"68":8,"69":0,"70":30,"71":30,"72":30,"73":30,"74":0,"75":33,"76":33,"77":0,"78":0,"79":22,"80":0,"81":22},"f":{"0":22,"1":22,"2":11,"3":11,"4":0,"5":11,"6":22,"7":23,"8":8,"9":2,"10":33,"11":15,"12":0,"13":0,"14":63,"15":0,"16":8,"17":0,"18":0,"19":33,"20":0},"b":{"0":[0],"1":[0],"2":[0],"3":[0],"4":[0],"5":[11,11,11,11,11],"6":[11,11],"7":[22,22],"8":[11],"9":[4,19],"10":[2,6],"11":[8,2],"12":[19,0],"13":[19,19],"14":[11,22],"15":[10,23],"16":[33,11],"17":[0,0],"18":[0,0],"19":[0,0],"20":[22],"21":[1,62],"22":[1,61],"23":[12,49],"24":[15,34],"25":[4,30],"26":[4,0],"27":[4,0,0],"28":[4,0],"29":[4,4],"30":[8,0],"31":[0,0],"32":[0,0],"33":[8,0],"34":[30,0],"35":[30,30],"36":[19,11],"37":[30,11,11],"38":[30,11],"39":[30,19],"40":[11,22],"41":[33,5],"42":[0,5],"43":[5,5],"44":[33,1],"45":[0,22],"46":[0,0],"47":[0,22]},"_coverageSchema":"1a1c01bbd47fc00a2c39e90264f33305004495a9","hash":"eb0974754ee23ec80ea63c02c09a62f64a775319"}
,"/Users/isaac/proj/streamlit-json-tip/streamlit_json_tip/frontend/src/index.js": {"path":"/Users/isaac/proj/streamlit-json-tip/streamlit_json_tip/frontend/src/index.js","statementMap":{"0":{"start":{"line":5,"column":0},"end":{"line":10,"column":1}}},"fnMap":{},"branchMap":{},"s":{"0":0},"f":{},"b":{}}
}
