TN:
SF:src/JsonViewer.js
FN:10,JsonViewer
FN:17,(anonymous_1)
FN:21,(anonymous_2)
FN:23,(anonymous_3)
FN:49,(anonymous_4)
FN:52,(anonymous_5)
FN:58,(anonymous_6)
FN:61,(anonymous_7)
FN:66,(anonymous_8)
FN:70,(anonymous_9)
FN:75,(anonymous_10)
FN:79,(anonymous_11)
FN:93,(anonymous_12)
FN:103,(anonymous_13)
FN:112,(anonymous_14)
FN:137,(anonymous_15)
FN:149,(anonymous_16)
FN:156,(anonymous_17)
FN:195,(anonymous_18)
FN:207,(anonymous_19)
FN:214,(anonymous_20)
FNF:21
FNH:16
FNDA:23,JsonViewer
FNDA:23,(anonymous_1)
FNDA:11,(anonymous_2)
FNDA:11,(anonymous_3)
FNDA:0,(anonymous_4)
FNDA:11,(anonymous_5)
FNDA:22,(anonymous_6)
FNDA:23,(anonymous_7)
FNDA:8,(anonymous_8)
FNDA:2,(anonymous_9)
FNDA:33,(anonymous_10)
FNDA:15,(anonymous_11)
FNDA:1,(anonymous_12)
FNDA:0,(anonymous_13)
FNDA:64,(anonymous_14)
FNDA:0,(anonymous_15)
FNDA:8,(anonymous_16)
FNDA:0,(anonymous_17)
FNDA:1,(anonymous_18)
FNDA:33,(anonymous_19)
FNDA:0,(anonymous_20)
DA:11,23
DA:12,23
DA:13,23
DA:15,23
DA:17,23
DA:18,23
DA:21,23
DA:23,11
DA:24,11
DA:25,11
DA:28,11
DA:29,11
DA:35,11
DA:39,11
DA:42,11
DA:43,11
DA:49,11
DA:50,11
DA:52,11
DA:53,11
DA:54,11
DA:58,23
DA:60,22
DA:61,11
DA:62,23
DA:64,23
DA:65,4
DA:66,4
DA:67,8
DA:68,8
DA:69,2
DA:70,2
DA:73,19
DA:74,19
DA:75,19
DA:76,33
DA:77,33
DA:78,10
DA:79,15
DA:84,23
DA:87,11
DA:88,11
DA:89,11
DA:93,23
DA:94,1
DA:95,1
DA:96,1
DA:98,0
DA:100,1
DA:103,23
DA:104,0
DA:112,23
DA:113,64
DA:114,1
DA:117,63
DA:118,1
DA:121,62
DA:122,12
DA:125,50
DA:126,15
DA:129,35
DA:130,4
DA:132,4
DA:137,0
DA:150,8
DA:151,8
DA:156,0
DA:186,31
DA:187,31
DA:188,31
DA:190,31
DA:195,1
DA:208,33
DA:209,33
DA:214,0
DA:244,0
DA:247,23
DA:248,0
DA:251,23
LF:79
LH:72
BRDA:15,0,0,0
BRDA:15,1,0,0
BRDA:15,2,0,0
BRDA:15,3,0,0
BRDA:15,4,0,0
BRDA:29,5,0,11
BRDA:29,5,1,11
BRDA:29,5,2,11
BRDA:29,5,3,11
BRDA:29,5,4,11
BRDA:60,6,0,11
BRDA:60,6,1,11
BRDA:60,7,0,22
BRDA:60,7,1,22
BRDA:61,8,0,11
BRDA:64,9,0,4
BRDA:64,9,1,19
BRDA:68,10,0,2
BRDA:68,10,1,6
BRDA:68,11,0,8
BRDA:68,11,1,2
BRDA:73,12,0,19
BRDA:73,12,1,0
BRDA:73,13,0,19
BRDA:73,13,1,19
BRDA:76,14,0,11
BRDA:76,14,1,22
BRDA:77,15,0,10
BRDA:77,15,1,23
BRDA:77,16,0,33
BRDA:77,16,1,11
BRDA:95,17,0,1
BRDA:95,17,1,0
BRDA:107,18,0,0
BRDA:107,18,1,0
BRDA:108,19,0,0
BRDA:108,19,1,0
BRDA:112,20,0,23
BRDA:113,21,0,1
BRDA:113,21,1,63
BRDA:117,22,0,1
BRDA:117,22,1,62
BRDA:121,23,0,12
BRDA:121,23,1,50
BRDA:125,24,0,15
BRDA:125,24,1,35
BRDA:129,25,0,4
BRDA:129,25,1,31
BRDA:139,26,0,4
BRDA:139,26,1,0
BRDA:142,27,0,4
BRDA:142,27,1,0
BRDA:142,27,2,0
BRDA:145,28,0,4
BRDA:145,28,1,0
BRDA:147,29,0,4
BRDA:147,29,1,4
BRDA:159,30,0,8
BRDA:159,30,1,0
BRDA:162,31,0,0
BRDA:162,31,1,0
BRDA:166,32,0,0
BRDA:166,32,1,0
BRDA:170,33,0,8
BRDA:170,33,1,0
BRDA:186,34,0,31
BRDA:186,34,1,0
BRDA:186,35,0,31
BRDA:186,35,1,31
BRDA:197,36,0,19
BRDA:197,36,1,12
BRDA:200,37,0,31
BRDA:200,37,1,12
BRDA:200,37,2,12
BRDA:203,38,0,31
BRDA:203,38,1,12
BRDA:205,39,0,31
BRDA:205,39,1,19
BRDA:208,40,0,11
BRDA:208,40,1,22
BRDA:217,41,0,33
BRDA:217,41,1,5
BRDA:220,42,0,0
BRDA:220,42,1,5
BRDA:224,43,0,5
BRDA:224,43,1,5
BRDA:228,44,0,33
BRDA:228,44,1,1
BRDA:247,45,0,0
BRDA:247,45,1,23
BRDA:248,46,0,0
BRDA:248,46,1,0
BRDA:252,47,0,0
BRDA:252,47,1,23
BRF:94
BRH:67
end_of_record
TN:
SF:src/index.js
FNF:0
FNH:0
DA:5,0
LF:1
LH:0
BRF:0
BRH:0
end_of_record
